[debug] [2021-07-19T05:19:12.225Z] ----------------------------------------------------------------------
[debug] [2021-07-19T05:19:12.227Z] Command:       C:\UsefulSoftwares\node.js\node.exe C:\Users\rr\AppData\Roaming\npm\node_modules\firebase-tools\lib\bin\firebase.js init
[debug] [2021-07-19T05:19:12.227Z] CLI Version:   9.16.0
[debug] [2021-07-19T05:19:12.228Z] Platform:      win32
[debug] [2021-07-19T05:19:12.228Z] Node Version:  v14.15.4
[debug] [2021-07-19T05:19:12.228Z] Time:          Mon Jul 19 2021 10:49:12 GMT+0530 (India Standard Time)
[debug] [2021-07-19T05:19:12.228Z] ----------------------------------------------------------------------
[debug] 
[debug] [2021-07-19T05:19:12.230Z] >>> [apiv2][query] GET https://firebase-public.firebaseio.com/cli.json [none]
[debug] [2021-07-19T05:19:12.253Z] > command requires scopes: ["email","openid","https://www.googleapis.com/auth/cloudplatformprojects.readonly","https://www.googleapis.com/auth/firebase","https://www.googleapis.com/auth/cloud-platform"]
[debug] [2021-07-19T05:19:12.253Z] > authorizing via signed-in user (ysankarmukesh@gmail.com)
[info] 
     ######## #### ########  ######## ########     ###     ######  ########
     ##        ##  ##     ## ##       ##     ##  ##   ##  ##       ##
     ######    ##  ########  ######   ########  #########  ######  ######
     ##        ##  ##    ##  ##       ##     ## ##     ##       ## ##
     ##       #### ##     ## ######## ########  ##     ##  ######  ########

You're about to initialize a Firebase project in this directory:

  C:\Users\rr\Desktop\vue projects\san-music

[debug] [2021-07-19T05:19:16.796Z] <<< [apiv2][status] GET https://firebase-public.firebaseio.com/cli.json 200
[debug] [2021-07-19T05:19:16.796Z] <<< [apiv2][body] GET https://firebase-public.firebaseio.com/cli.json {"cloudBuildErrorAfter":1594252800000,"cloudBuildWarnAfter":1590019200000,"defaultNode10After":1594252800000,"minVersion":"3.0.5","node8DeploysDisabledAfter":1613390400000,"node8RuntimeDisabledAfter":1615809600000,"node8WarnAfter":1600128000000}
